20220224	14:32:29	INFO	token.tokenApp()	Token option was called by CLI.	5d855f8b-9de4-4915-9c92-9291d561f6be
20220224	14:33:48	INFO	token.tokenApp()	Token option was called by CLI.	583d73d6-0170-484c-86bc-866b01c6a066
20220224	14:33:48	INFO	token.tokenApp()	Token help was displayed.	2ac2ca56-9ea0-4fe0-b628-ccc0bcb8b995
20220224	14:34:22	INFO	token.tokenApp()	Token option was called by CLI.	54930584-9a46-46c2-ad59-b819c3790aae
20220224	14:34:22	INFO	token.tokenApp()	Token help was displayed.	c60bc03b-621a-4aa1-ad64-3f09354a4ece
20220224	14:49:28	INFO	token.tokenApp()	Token option was called by CLI.	8f2a6b59-54ac-4cc3-902d-fdb71dfb8ced
20220224	14:49:28	INFO	token.tokenApp()	Token help was displayed.	48402cce-944f-4cfd-9793-2dab95054758
20220224	14:51:12	INFO	token.tokenApp()	Token option was called by CLI.	a8803a21-5c22-48f5-9f07-26c23583bf7a
20220224	14:51:57	INFO	token.tokenApp()	Token option was called by CLI.	03f2659e-bf00-472b-b6e5-10ab9a3c2e9d
20220224	16:10:03	INFO	token.tokenApp()	Token option was called by CLI.	f8bc3693-646f-4988-b6d6-b50420ba5fcb
20220224	16:10:03	INFO	token.tokenApp()	Token help was displayed.	652896e2-f919-4148-b247-7fb265fdd22c
20220224	16:10:19	INFO	token.tokenApp()	Token option was called by CLI.	f87c8898-28bb-4809-b656-d21a09cc99a5
20220224	16:10:19	INFO	token.tokenCount()	Current token count is 6.	295636be-4ba1-4b36-8308-2436108326c1
20220224	16:10:33	INFO	token.tokenApp()	Token option was called by CLI.	949ca2a8-333e-48d6-be86-5724e40b3cbb
20220224	16:10:33	INFO	token.tokenList()	Current token list was displayed.	62fd56bd-261a-4eac-8d33-9f30b27518a4
20220224	16:14:32	INFO	token.tokenApp()	Token option was called by CLI.	658d7d19-dde6-4410-b961-b5e0de598ab6
20220224	16:14:32	INFO	token.newToken()	New token 8ac7490c was created for pattycakes.	7235b962-6f79-4b58-917b-0cdf5f42f3ae
20220224	16:19:01	INFO	token.tokenApp()	Token option was called by CLI.	04e86e45-42c6-4b75-9347-1d8f56427aab
20220224	16:20:40	INFO	token.tokenApp()	Token option was called by CLI.	37cb3f70-a531-4244-942f-0a89ccdb571f
20220224	16:21:24	INFO	token.tokenApp()	Token option was called by CLI.	f992452d-637f-4618-98be-5812e9dab984
20220224	16:21:56	INFO	token.tokenApp()	Token option was called by CLI.	031230e9-d5a3-4fa8-b98e-60823a17b9a9
20220224	16:22:20	INFO	token.tokenApp()	Token option was called by CLI.	341db680-748f-4780-98f7-26666e9c6f40
20220224	16:23:57	INFO	token.tokenApp()	Token option was called by CLI.	2557deba-e44f-4bc5-91f8-3d522d1e3f20
20220224	16:24:57	INFO	token.tokenApp()	Token option was called by CLI.	1d64979a-5e8b-43ef-878f-b76dea751009
20220224	16:27:47	INFO	token.tokenApp()	Token option was called by CLI.	c14b9dcb-0672-42f6-91b3-e83621d093aa
20220224	16:27:47	INFO	token.updateToken()	Token undefined was updated.	bbe4bdc1-62f5-4988-a5b4-a1a67d0e1169
20220224	16:29:03	INFO	token.tokenApp()	Token option was called by CLI.	4a0bbb8b-49c1-48e5-bff6-9481d83950b2
20220224	16:29:03	INFO	token.updateToken()	Token 777-777-7777 was updated.	d5fb13a8-f6f7-4d11-a312-7a2d85814665
20220224	16:33:33	INFO	token.tokenApp()	Token option was called by CLI.	fff987e0-0442-44ea-bf29-d2e6c5ea5f1a
20220224	16:33:33	INFO	token.updateToken()	Token p was updated.	ef255590-d227-4d73-b94d-a25164451e05
20220224	16:38:01	INFO	token.tokenApp()	Token option was called by CLI.	a35b184c-6ed3-4957-ace9-490b98e80e82
20220224	16:38:01	INFO	token.updateToken()	Token mikemilk was updated.	a9598cbc-74f3-4f17-946d-6023022822ac
20220224	16:40:49	INFO	token.tokenApp()	Token option was called by CLI.	bed619a1-fd5b-401c-8930-f96460548417
20220224	16:40:49	INFO	token.updateToken()	Token undefined was updated.	354643af-2bf7-481f-ada0-c42f752af9cf
20220224	16:41:39	INFO	token.tokenApp()	Token option was called by CLI.	878029ab-39af-451b-8467-85581df0ec6b
20220224	16:41:39	INFO	token.updateToken()	Token p was updated.	3b57b08e-7c5c-4549-a116-0ff4ad0d2cfe
20220224	16:42:37	INFO	token.tokenApp()	Token option was called by CLI.	d04b554d-2b1d-4862-b3a3-d11ff342204b
20220224	16:42:37	INFO	token.updateToken()	Token 222-222-2222 was updated.	26a01df5-0ecf-452d-bd6b-654cffd925d5
20220224	16:43:25	INFO	token.tokenApp()	Token option was called by CLI.	0d9492be-67bf-4a9e-a38a-6f5cee43d8db
20220224	16:43:25	INFO	token.updateToken()	Token pattycakes was updated.	99c8663a-8715-4886-9367-55a2b5f12ab9
20220224	16:49:23	INFO	token.tokenApp()	Token option was called by CLI.	3373cdbf-20b9-46a5-8682-88f069f7a799
20220224	16:49:23	INFO	token.updateToken()	Token p was updated.	94b2cbdc-eeba-44b3-962b-c6f53801f10f
20220224	16:50:30	INFO	token.tokenApp()	Token option was called by CLI.	7eeb4031-90a4-4b8c-b995-b022035cbeb8
20220224	16:50:30	INFO	token.updateToken()	Token pattycakes was updated.	4c098a2f-5a69-4e48-81aa-86f91f29bef7
20220224	16:52:05	INFO	token.tokenApp()	Token option was called by CLI.	5e1f4033-ae67-47fa-9539-2896c314d964
20220224	16:52:05	INFO	token.updateToken()	Token pattycakes was updated.	eee0eedd-7129-45ca-a0e6-25697eaef64b
20220224	16:53:33	INFO	token.tokenApp()	Token option was called by CLI.	32ad3832-633d-4ffe-a940-812671aa1c98
20220224	16:53:33	INFO	token.tokenApp()	Token help was displayed.	7e2817fb-42e1-4946-8847-7f5692070e2b
20220224	16:54:36	INFO	token.tokenApp()	Token option was called by CLI.	ffbcd277-d589-4221-9452-127e1f46d2f4
20220224	16:54:36	INFO	token.updateToken()	Token pattycakes was updated.	139615da-e8c6-4766-95de-96f1949bf45c
20220224	16:57:28	INFO	token.tokenApp()	Token option was called by CLI.	ce1558e8-a226-4f3b-8a44-455e3e0012ae
20220224	16:57:28	INFO	token.fetchRecord()	Token record for pattycakes was displayed.	8c134861-6aad-4a5b-8485-bd7e496f9ded
20220224	16:59:26	INFO	token.tokenApp()	Token option was called by CLI.	ff601ac3-9cde-4c2c-ba1a-046bf4406ae3
20220224	16:59:26	INFO	token.newToken()	New token b4ed88e8 was created for Mike.	888bae8d-384d-40e0-82c6-b640c3270c09
20220224	17:04:18	INFO	token.tokenApp()	Token option was called by CLI.	71fab01c-bf86-439b-8c8c-d0996ea464d8
20220224	17:04:18	INFO	token.searchToken()	Token was found for xxx.	a3f23556-0318-44fb-9d65-360c87f09dde
20220224	17:11:09	INFO	token.tokenApp()	Token option was called by CLI.	70d2bbc1-fd84-49f1-914e-f06f9c396fd2
20220224	17:11:09	INFO	token.searchToken()	Token was found.	667f1de1-3d00-4dfe-b937-cee86e51557b
20220224	17:14:11	INFO	token.tokenApp()	Token option was called by CLI.	3d601de1-6335-4d55-8e84-6b14e2b69ec8
20220224	17:14:11	INFO	token.searchToken()	Token was found.	52f8e55a-ba36-4549-92da-6904a472c047
20220224	17:15:31	INFO	token.tokenApp()	Token option was called by CLI.	d72b6c8b-80a9-41df-ae37-74d59eeaa60e
20220224	17:15:31	INFO	token.searchToken()	Token was found.	193f83b0-2f01-4ba6-b5e7-d5b80b4d54e1
20220224	17:16:36	INFO	token.tokenApp()	Token option was called by CLI.	1ba0ba68-aa37-4717-8793-b5931d0f39e6
20220224	17:16:36	INFO	token.searchToken()	Token was found.	c9b5f943-dab8-4955-9afd-fe5f8e34ea24
20220224	17:18:46	INFO	token.tokenApp()	Token option was called by CLI.	d79f27b9-6c15-4a11-ab07-e6689ec5abee
20220224	17:18:46	INFO	token.fetchRecord()	Token record for Mike was displayed.	ba4c6e95-e057-4a74-af0c-e301283228fe
20220224	18:18:46	INFO	token.tokenApp()	Token option was called by CLI.	c4e69069-c452-487e-b83f-0fb65e24274a
20220224	18:18:46	INFO	token.searchToken()	Token was found.	e7a70e05-dde6-4103-82fc-6302ed700410
20220224	19:19:04	INFO	token.tokenApp()	Token option was called by CLI.	b3dcbd1b-86ca-4454-a481-76ce860b2bc7
20220224	19:19:04	INFO	token.searchToken()	Token was found.	de42c37b-e39b-43ab-8145-33c564906fc8
20220224	19:19:16	INFO	token.tokenApp()	Token option was called by CLI.	9af1e7dd-f726-4fbf-b836-04775f612a5e
20220224	19:19:16	INFO	token.searchToken()	Token was found.	387eed85-8066-4a1f-869c-814312571756
20220224	19:25:22	INFO	token.tokenApp()	Token option was called by CLI.	602f4a1c-4fd9-45a4-a187-bb9aca198379
20220224	19:25:22	INFO	token.searchToken()	Token was found.	49348b36-d676-4189-be48-be2cd5e0829a
20220224	19:25:57	INFO	token.tokenApp()	Token option was called by CLI.	d5b37120-c64e-4f8c-91b0-923b2880930e
20220224	19:25:57	INFO	token.searchToken()	Token was found.	c114ce4e-43cf-4542-aab3-ca3938180333
20220224	19:27:53	INFO	token.tokenApp()	Token option was called by CLI.	e525bf62-ae40-4069-802d-f620da155035
20220224	19:27:53	INFO	token.searchToken()	Token was found.	36773edd-1bf8-46f3-8945-f7718081ea76
20220224	19:29:56	INFO	token.tokenApp()	Token option was called by CLI.	d9690379-7c9e-4bd6-a2d5-fe23b95b531f
20220224	19:29:56	INFO	token.tokenApp()	Token help was displayed.	217166d0-7050-4cbe-a366-b5af5f940dbb
20220224	19:30:42	INFO	token.tokenApp()	Token option was called by CLI.	c96270c6-d7bd-47ff-98f0-d02def4febdc
20220224	19:30:42	INFO	token.tokenApp()	Token help was displayed.	8db8956b-98f3-4830-8969-e39a2ddd054d
20220224	19:37:04	INFO	token.tokenApp()	Token option was called by CLI.	b528c46e-012a-4031-a615-02f399915de4
20220224	19:37:04	INFO	token.tokenApp()	Token help was displayed.	1a2a70ac-4009-4eb3-b9c3-b5aff24fe44d
20220224	19:37:23	INFO	token.tokenApp()	Token option was called by CLI.	7a6d985c-ba4b-48a6-b8f5-489c8bfaeda7
20220224	19:37:23	INFO	token.searchToken()	Token was found.	bbc764ff-8cfb-4f63-80c7-0841704ea246
20220224	19:39:44	INFO	token.tokenApp()	Token option was called by CLI.	e23721b2-3375-4275-8193-c25dbe7b7c65
20220224	19:39:44	INFO	token.searchToken()	Token was found.	6237abea-6b91-4a4b-bbc8-fef0cd903d34
20220224	21:12:57	INFO	token.newToken()	New token b4ed88e8 was created for Mike.	4e19b851-3330-4b4b-adae-c7fb51b65341
20220224	21:13:02	INFO	token.newToken()	New token b4ed88e8 was created for Mike.	164cf408-a5f2-457f-9e9f-63073f1e2a8e
20220224	21:13:21	INFO	token.newToken()	New token d240e7a4 was created for Billyjean.	6da70525-16b1-49a0-82ef-fa6786a713df
20220224	22:12:28	INFO	token.tokenApp()	Token option was called by CLI.	bf445f6a-a065-4647-bd39-b6addf48163c
20220224	22:12:28	INFO	token.tokenCount()	Current token count is 11.	420696af-b2c6-47c6-b5d5-ac00d7e2cb49
20220224	22:12:42	INFO	token.tokenApp()	Token option was called by CLI.	71d204f1-45ef-44b4-9182-64b5a80bcd4b
20220224	22:12:42	INFO	token.searchToken()	Token was found.	cf084883-8e3b-4adf-892c-29dc24d0a693
20220224	22:13:00	INFO	token.tokenApp()	Token option was called by CLI.	2647ca26-119a-4e57-9a01-633cc8f26eaf
20220224	22:13:00	INFO	token.searchToken()	Token was found.	7033f7b5-2bf9-4f14-a44d-8ca27d6652a3
20220224	22:13:32	INFO	token.tokenApp()	Token option was called by CLI.	44404480-36a3-466a-a0e5-759e3241330b
20220224	22:13:32	INFO	token.tokenApp()	Token help was displayed.	4310c1ca-ff41-4cde-b7d3-087c4a1ff2b0
