20220225	10:40:46	INFO	token.newToken()	A new token c699b7f6 was created for MikeOR.	34d795f0-5293-48f7-a2d1-afd9c3035d14
20220225	21:24:42	INFO	token.tokenApp()	Token was called by CLI.	004f78e3-ea14-4993-b5b1-920b07ab6f7a
20220225	21:24:42	INFO	token.tokenCount()	Current token count is 12.	7c122ea0-ca78-45f3-a42a-716e929d6fab
20220225	21:25:02	INFO	token.tokenApp()	Token was called by CLI.	21f4a97c-506e-4519-bd56-1fe27497f49e
20220225	21:25:02	INFO	token.tokenList()	Current token list was displayed.	c190edc9-c5f0-449b-9b9e-7b98c8d7722c
20220225	21:26:08	INFO	token.tokenApp()	Token was called by CLI.	6719ff61-f459-4627-b5a5-cace575b0221
20220225	21:26:08	INFO	token.tokenCount()	Current token count is 2.	ede66699-091c-4e33-89b7-217c216642de
20220225	21:26:15	INFO	token.tokenApp()	Token was called by CLI.	566a4fd5-4d5c-4d80-ad9f-ddb2843265dc
20220225	21:26:15	INFO	token.tokenList()	Current token list was displayed.	38dfba48-c11f-4080-9664-ad5c8afd4d6c
20220225	21:27:13	INFO	token.tokenApp()	Token was called by CLI.	0c4245fd-0539-4144-8922-815c2a31916f
20220225	21:27:13	INFO	token.tokenList()	Current token list was displayed.	73cb4d8d-a9de-4dda-b224-bbbb8c9fca01
20220225	21:28:03	INFO	token.tokenApp()	Token was called by CLI.	442f27c3-691c-4221-a878-b7ba31648aa3
20220225	21:28:03	INFO	token.newToken()	A new token 96e760bf was created for Din.	1d417c55-2d46-4d81-9aba-8726aff85c7b
20220225	21:28:18	INFO	token.tokenApp()	Token was called by CLI.	df9aea1c-30b2-425e-aae1-d46c40bc1641
20220225	21:28:18	INFO	token.tokenList()	Current token list was displayed.	73d3ae67-bd68-4ddc-a5a8-1dd99049cb36
20220225	21:29:42	INFO	token.tokenApp()	Token was called by CLI.	068d2054-8acf-4952-bbe5-96c345e40d6a
20220225	21:29:42	INFO	token.tokenApp()	Token help was displayed.	c41a748e-8ee4-4814-bc9e-e56c64b044dd
20220225	21:30:06	INFO	token.tokenApp()	Token was called by CLI.	de5d37d0-17fa-4c7d-99f9-76e26ebb0c2b
20220225	21:30:06	INFO	token.tokenList()	Current token list was displayed.	32ea6c3f-59bb-420d-a71f-43365805371d
20220225	21:30:29	INFO	token.tokenApp()	Token was called by CLI.	08d6bc60-e7ca-45a8-bf58-df910bd77b45
20220225	21:30:29	INFO	token.newToken()	A new token fccb5df2 was created for DinDjarin.	513a9582-41b4-4bbd-a519-b80f004614fb
20220225	21:31:40	INFO	token.tokenApp()	Token was called by CLI.	5d20bce9-626a-4c78-8c91-0f07793c68ba
20220225	21:31:40	INFO	token.updateToken()	Token 709-771-7754 was updated.	cd270835-5e1f-4de4-a1b6-69d2a27535bf
20220225	21:33:44	INFO	token.tokenApp()	Token was called by CLI.	8ca2fdf9-0ec8-4e55-bf54-1f8894895c30
20220225	21:33:44	INFO	token.updateToken()	Token Team2 was updated.	01c82241-2837-4f10-a4b7-5c99cfa947a4
20220225	21:35:57	INFO	token.tokenApp()	Token was called by CLI.	7cb02d3c-a2e7-4009-8fa3-0bb827db9ff7
20220225	21:35:57	INFO	token.updateToken()	Token Team2 was updated.	86b62710-56de-4318-8871-5f75dd7a5446
20220225	21:36:07	INFO	token.tokenApp()	Token was called by CLI.	fd80c517-81da-4cf2-b6bc-a1589b4f9801
20220225	21:36:07	INFO	token.tokenList()	Current token list was displayed.	69212526-0039-4a4c-b2a5-fb384f178f60
20220225	21:37:17	INFO	token.tokenApp()	Token was called by CLI.	cedd5aec-888d-4b02-8307-550fe45ce6dd
20220225	21:37:17	INFO	token.updateToken()	Token Team2 was updated.	35e46c86-377b-481b-8f89-4470a5d2c310
20220225	21:38:29	INFO	token.tokenApp()	Token was called by CLI.	8fd9f6b2-ddb5-4b93-9ba2-baccbb7ab0aa
20220225	21:38:29	INFO	token.fetchRecord()	Token record for Team2 was displayed.	f82fee97-fd0b-4057-ab72-4d27b75afea5
20220225	21:43:29	INFO	token.newToken()	A new token 87d8049e was created for TommyGun.	baa1fb0a-8d60-41b6-b244-158a648e7092
20220225	21:45:27	INFO	token.newToken()	A new token 7272489a was created for BillyJean.	c314d523-e068-4295-a149-ec6cf2ed79fc
20220225	21:45:51	INFO	token.newToken()	A new token 7272489a was created for BillyJean.	cff4b897-8af7-49d6-8a1a-ba8a78a59072
